<?xml version="1.0" encoding="UTF-8"?>
<!-- Generated by org.testng.reporters.JUnitReportReporter -->
<testsuite skipped="0" hostname="SOUMYAJIT" name="testCases.bewakooftestcase" tests="2" failures="0" timestamp="2021-05-24T18:45:20 IST" time="11.998" errors="0">
  <testcase name="DefaultTest" time="6.267" classname="testCases.bewakooftestcase"/>
  <system-out/>
  <testcase name="DefaultTestpass" time="5.731" classname="testCases.bewakooftestcase"/>
  <system-out/>
</testsuite> <!-- testCases.bewakooftestcase -->
