<?xml version="1.0" encoding="UTF-8"?>
<!-- Generated by org.testng.reporters.JUnitReportReporter -->
<testsuite skipped="0" hostname="SOUMYAJIT" name="testCases.bewakooftestcase2" tests="1" failures="0" timestamp="2021-05-24T18:45:20 IST" time="9.892" errors="0">
  <testcase name="DefaultTest" time="9.892" classname="testCases.bewakooftestcase2"/>
  <system-out/>
</testsuite> <!-- testCases.bewakooftestcase2 -->
